
> @mirroreffect/admin@ build /Users/macbook/Dev/clients/mirroreffect/apps/admin
> next build

  ▲ Next.js 14.2.5
  - Environments: .env.local

   Creating an optimized production build ...
 ✓ Compiled successfully
   Linting and checking validity of types ...
   Collecting page data ...
   Generating static pages (0/17) ...
   Generating static pages (4/17) 
   Generating static pages (8/17) 
[getAdminSnapshot] Chargement des events depuis Supabase
[getAdminSnapshot] Chargement des events depuis Supabase
[getAdminSnapshot] 151 events chargés depuis Supabase
[getAdminSnapshot] 151 events chargés depuis Supabase
   Generating static pages (12/17) 
[stats/google-sheets] Erreur Supabase: {
  code: 'PGRST205',
  details: null,
  hint: null,
  message: "Could not find the table 'public.v_monthly_stats' in the schema cache"
}
 ✓ Generating static pages (17/17)
   Finalizing page optimization ...
   Collecting build traces ...

Route (app)                              Size     First Load JS
┌ ○ /                                    149 B          87.3 kB
├ ○ /_not-found                          149 B          87.3 kB
├ ƒ /api/events                          0 B                0 B
├ ƒ /api/events/recalculate              0 B                0 B
├ ƒ /api/events/update-finance           0 B                0 B
├ ƒ /api/gas                             0 B                0 B
├ ƒ /api/gas/debug                       0 B                0 B
├ ƒ /api/marketing-stats                 0 B                0 B
├ ƒ /api/stats/commercial                0 B                0 B
├ ƒ /api/stats/google-sheets             0 B                0 B
├ ƒ /api/stats/monthly                   0 B                0 B
├ ƒ /api/stats/students                  0 B                0 B
├ ○ /availability                        5.42 kB         146 kB
├ ○ /events                              7.67 kB         149 kB
├ ○ /health                              149 B          87.3 kB
└ ○ /login                               1.37 kB         142 kB
+ First Load JS shared by all            87.1 kB
  ├ chunks/753-ac0d404892e4490d.js       31.5 kB
  ├ chunks/abf17911-9b2d630ed35bd44f.js  53.7 kB
  └ other shared chunks (total)          1.94 kB


○  (Static)   prerendered as static content
ƒ  (Dynamic)  server-rendered on demand

