
> @mirroreffect/web@ build /Users/macbook/Dev/clients/mirroreffect/apps/web
> next build

  ▲ Next.js 14.2.5
  - Environments: .env.local

   Creating an optimized production build ...

warn - Your `content` configuration includes a pattern which looks like it's accidentally matching all of `node_modules` and can cause serious performance issues.
warn - Pattern: `../../packages/**/*.ts`
warn - See our documentation for recommendations:
warn - https://tailwindcss.com/docs/content-configuration#pattern-recommendations
(node:65751) ExperimentalWarning: Type Stripping is an experimental feature and might change at any time
(Use `node --trace-warnings ...` to show where the warning was created)
 ✓ Compiled successfully
   Linting and checking validity of types ...
   Collecting page data ...
   Generating static pages (0/52) ...
   Generating static pages (13/52) 
   Generating static pages (26/52) 
   Generating static pages (39/52) 
 ✓ Generating static pages (52/52)
   Finalizing page optimization ...
   Collecting build traces ...

Route (app)                                                                    Size     First Load JS
┌ ƒ /                                                                          1.39 kB         135 kB
├ ○ /_not-found                                                                874 B          87.9 kB
├ ● /[...slug]                                                                 269 B          90.7 kB
├   ├ /nl/blog/selfie-zuil-corporate-evenement-premium-foto-animatie-belgie
├   ├ /blog/borne-selfie-evenement-corporate-belgique
├   ├ /blog/photobooth-miroir-mariage-bruxelles-animation-photo-haut-de-gamme
├   └ [+30 more paths]
├ ƒ /api/cron/send-emails                                                      0 B                0 B
├ ○ /api/debug/env                                                             0 B                0 B
├ ○ /api/debug/health                                                          0 B                0 B
├ ƒ /api/public/availability                                                   0 B                0 B
├ ƒ /api/public/booking-status                                                 0 B                0 B
├ ƒ /api/public/checkout                                                       0 B                0 B
├ ƒ /api/public/leads                                                          0 B                0 B
├ ƒ /api/public/promo-intent                                                   0 B                0 B
├ ƒ /api/unsubscribe                                                           0 B                0 B
├ ƒ /api/webhooks/mollie                                                       0 B                0 B
├ ○ /booking/failed                                                            936 B            88 kB
├ ○ /booking/success                                                           1.75 kB        88.8 kB
├ ○ /debug/styles                                                              136 B          87.2 kB
├ ƒ /nl                                                                        1.39 kB         135 kB
└ ○ /reservation                                                               14.7 kB         107 kB
+ First Load JS shared by all                                                  87.1 kB
  ├ chunks/753-653bc614463f067d.js                                             31.5 kB
  ├ chunks/abf17911-eca322e9a437f846.js                                        53.7 kB
  └ other shared chunks (total)                                                1.88 kB


○  (Static)   prerendered as static content
●  (SSG)      prerendered as static HTML (uses getStaticProps)
ƒ  (Dynamic)  server-rendered on demand

